ocaml setup.ml -build 
/Users/nigel/.opam/system/bin/ocamlfind ocamlopt -shared src/main/test_transf.cmxa src/main/transform.cmx -o src/main/test_transf.cmxs
ocaml setup.ml -test 
Failure in bsearch.xtnd
Failure in complex_switch.xtnd
Failure in const.xtnd
Failure in count.xtnd
Failure in empty.xtnd
Failure in extern.xtnd
Failure in fibonacci.xtnd
Failure in fileio_precedence.xtnd
Failure in function_call.xtnd
Failure in functions_dep_graph.xtnd
Failure in functions_dim_range_u.xtnd
Failure in functions_dim_range_v.xtnd
Failure in functions_range_mix.xtnd
Failure in functions_range_single.xtnd
Failure in functions_simple.xtnd
Failure in gcd.xtnd
Failure in gcd_func.xtnd
Failure in global.xtnd
Failure in hash_product.xtnd
Failure in hash_range_literal.xtnd
Failure in helloworld.xtnd
Failure in ident.xtnd
Failure in ident_matrix.xtnd
Failure in import.xtnd
Failure in itoa.xtnd
Failure in legal_range_literals.xtnd
Failure in maybe_circular.xtnd
Failure in multiple_formulas.xtnd
Failure in old_sequence.xtnd
Failure in organize_formulas.xtnd
Failure in param_decl_examples.xtnd
Failure in pascal.xtnd
Failure in sequence.xtnd
Failure in stdlib.xtnd
Failure in stdlib_examples.xtnd
Failure in sum_column.xtnd
Failure in weird_formula_assignments.xtnd
Interpreter: FAILED (helloworld.xtnd)
Compiler: FAILED REGRESSION TEST (helloworld.xtnd)
Interpreter: FAILED (test_acos.xtnd)
Compiler: FAILED REGRESSION TEST (test_acos.xtnd)
Interpreter: FAILED (test_asin.xtnd)
Compiler: FAILED REGRESSION TEST (test_asin.xtnd)
Interpreter: FAILED (test_atan.xtnd)
Compiler: FAILED REGRESSION TEST (test_atan.xtnd)
Interpreter: FAILED (test_ceil.xtnd)
Compiler: FAILED REGRESSION TEST (test_ceil.xtnd)
Interpreter: FAILED (test_cos.xtnd)
Compiler: FAILED REGRESSION TEST (test_cos.xtnd)
Interpreter: FAILED (test_cosh.xtnd)
Compiler: FAILED REGRESSION TEST (test_cosh.xtnd)
Interpreter: FAILED (test_exp.xtnd)
Compiler: FAILED REGRESSION TEST (test_exp.xtnd)
Interpreter: FAILED (test_file_close.xtnd)
Compiler: FAILED REGRESSION TEST (test_file_close.xtnd)
Interpreter: FAILED (test_file_read.xtnd)
Compiler: FAILED REGRESSION TEST (test_file_read.xtnd)
Interpreter: FAILED (test_floor.xtnd)
Compiler: FAILED REGRESSION TEST (test_floor.xtnd)
Interpreter: FAILED (test_log.xtnd)
Compiler: FAILED REGRESSION TEST (test_log.xtnd)
Interpreter: FAILED (test_log10.xtnd)
Compiler: FAILED REGRESSION TEST (test_log10.xtnd)
Interpreter: PASSED (test_parse_error.xtnd)
Compiler: PASSED (test_parse_error.xtnd)
Interpreter: PASSED (test_parse_error_after_multiline_comment.xtnd)
Compiler: PASSED (test_parse_error_after_multiline_comment.xtnd)
Interpreter: PASSED (test_parse_error_comment.xtnd)
Compiler: PASSED (test_parse_error_comment.xtnd)
Interpreter: PASSED (test_parse_error_missing_semicolon.xtnd)
Compiler: PASSED (test_parse_error_missing_semicolon.xtnd)
Interpreter: PASSED (test_parse_error_newlines.xtnd)
Compiler: PASSED (test_parse_error_newlines.xtnd)
Interpreter: PASSED (test_parse_error_string.xtnd)
Compiler: PASSED (test_parse_error_string.xtnd)
Interpreter: FAILED (test_sin.xtnd)
Compiler: FAILED REGRESSION TEST (test_sin.xtnd)
Interpreter: FAILED (test_sinh.xtnd)
Compiler: FAILED REGRESSION TEST (test_sinh.xtnd)
Interpreter: FAILED (test_sqrt.xtnd)
Compiler: FAILED REGRESSION TEST (test_sqrt.xtnd)
Interpreter: FAILED (test_tan.xtnd)
Compiler: FAILED REGRESSION TEST (test_tan.xtnd)
Interpreter: FAILED (test_tanh.xtnd)
Compiler: FAILED REGRESSION TEST (test_tanh.xtnd)
Interpreter: PASSED (test_access_cell.xtnd)
Compiler: FAILED (test_access_cell.xtnd)
Interpreter: PASSED (test_access_column_cell.xtnd)
Compiler: FAILED (test_access_column_cell.xtnd)
Interpreter: PASSED (test_access_column_cells.xtnd)
Compiler: FAILED (test_access_column_cells.xtnd)
Interpreter: PASSED (test_access_hashtag_multi_dim.xtnd)
Compiler: FAILED (test_access_hashtag_multi_dim.xtnd)
Interpreter: PASSED (test_access_hashtag_single_dim.xtnd)
Compiler: FAILED (test_access_hashtag_single_dim.xtnd)
Interpreter: PASSED (test_access_relative_range.xtnd)
Compiler: FAILED (test_access_relative_range.xtnd)
Interpreter: PASSED (test_access_selected_range_1.xtnd)
Compiler: FAILED (test_access_selected_range_1.xtnd)
Interpreter: PASSED (test_access_selected_range_2.xtnd)
Compiler: FAILED (test_access_selected_range_2.xtnd)
Interpreter: PASSED (test_access_x_range_of_cells.xtnd)
Compiler: FAILED (test_access_x_range_of_cells.xtnd)
Interpreter: PASSED (test_access_y_range_of_cells.xtnd)
Compiler: FAILED (test_access_y_range_of_cells.xtnd)
Interpreter: PASSED (test_addition.xtnd)
Compiler: FAILED (test_addition.xtnd)
Interpreter: PASSED (test_addition_empty.xtnd)
Compiler: FAILED (test_addition_empty.xtnd)
Interpreter: PASSED (test_basic_func.xtnd)
Compiler: FAILED (test_basic_func.xtnd)
Interpreter: PASSED (test_bitwise_and.xtnd)
Compiler: FAILED (test_bitwise_and.xtnd)
Interpreter: PASSED (test_bitwise_and_empty.xtnd)
Compiler: FAILED (test_bitwise_and_empty.xtnd)
Interpreter: PASSED (test_bitwise_left.xtnd)
Compiler: FAILED (test_bitwise_left.xtnd)
Interpreter: PASSED (test_bitwise_left_empty.xtnd)
Compiler: FAILED (test_bitwise_left_empty.xtnd)
Interpreter: PASSED (test_bitwise_not.xtnd)
Compiler: FAILED (test_bitwise_not.xtnd)
Interpreter: PASSED (test_bitwise_not_empty.xtnd)
Compiler: FAILED (test_bitwise_not_empty.xtnd)
Interpreter: PASSED (test_bitwise_or.xtnd)
Compiler: FAILED (test_bitwise_or.xtnd)
Interpreter: PASSED (test_bitwise_or_empty.xtnd)
Compiler: FAILED (test_bitwise_or_empty.xtnd)
Interpreter: PASSED (test_bitwise_right.xtnd)
Compiler: FAILED (test_bitwise_right.xtnd)
Interpreter: PASSED (test_bitwise_right_empty.xtnd)
Compiler: FAILED (test_bitwise_right_empty.xtnd)
Interpreter: PASSED (test_bitwise_xor.xtnd)
Compiler: FAILED (test_bitwise_xor.xtnd)
Interpreter: PASSED (test_bitwise_xor_empty.xtnd)
Compiler: FAILED (test_bitwise_xor_empty.xtnd)
Interpreter: PASSED (test_boolean_equals.xtnd)
Compiler: FAILED (test_boolean_equals.xtnd)
Interpreter: PASSED (test_boolean_equals_both_empty.xtnd)
Compiler: FAILED (test_boolean_equals_both_empty.xtnd)
Interpreter: PASSED (test_boolean_equals_one_empty.xtnd)
Compiler: FAILED (test_boolean_equals_one_empty.xtnd)
Interpreter: PASSED (test_boolean_logical_not_equals.xtnd)
Compiler: FAILED (test_boolean_logical_not_equals.xtnd)
Interpreter: PASSED (test_boolean_logical_not_equals_both_empty.xtnd)
Compiler: FAILED (test_boolean_logical_not_equals_both_empty.xtnd)
Interpreter: PASSED (test_boolean_logical_not_equals_one_empty.xtnd)
Compiler: FAILED (test_boolean_logical_not_equals_one_empty.xtnd)
Interpreter: PASSED (test_calling_func_from_import.xtnd)
Compiler: FAILED (test_calling_func_from_import.xtnd)
Interpreter: PASSED (test_division.xtnd)
Compiler: FAILED (test_division.xtnd)
Interpreter: PASSED (test_division_empty.xtnd)
Compiler: FAILED (test_division_empty.xtnd)
Interpreter: FAILED (test_fabs.xtnd)
Compiler: FAILED (test_fabs.xtnd)
Interpreter: FAILED (test_file_close_error.xtnd)
Compiler: FAILED (test_file_close_error.xtnd)
Interpreter: FAILED (test_file_close_error2.xtnd)
Compiler: FAILED (test_file_close_error2.xtnd)
Interpreter: FAILED (test_file_slurp.xtnd)
Compiler: FAILED (test_file_slurp.xtnd)
Interpreter: FAILED (test_file_write.xtnd)
Compiler: FAILED (test_file_write.xtnd)
Interpreter: PASSED (test_func_params.xtnd)
Compiler: FAILED (test_func_params.xtnd)
Interpreter: PASSED (test_func_params_omit_dim.xtnd)
Compiler: FAILED (test_func_params_omit_dim.xtnd)
Interpreter: PASSED (test_globals.xtnd)
Compiler: FAILED (test_globals.xtnd)
Interpreter: PASSED (test_globals_between_imports.xtnd)
Compiler: FAILED (test_globals_between_imports.xtnd)
Interpreter: PASSED (test_greater_than.xtnd)
Compiler: FAILED (test_greater_than.xtnd)
Interpreter: PASSED (test_greater_than_empty.xtnd)
Compiler: FAILED (test_greater_than_empty.xtnd)
Interpreter: PASSED (test_greater_than_or_equal.xtnd)
Compiler: FAILED (test_greater_than_or_equal.xtnd)
Interpreter: PASSED (test_greater_than_or_equal_empty.xtnd)
Compiler: FAILED (test_greater_than_or_equal_empty.xtnd)
Interpreter: PASSED (test_less_than.xtnd)
Compiler: FAILED (test_less_than.xtnd)
Interpreter: PASSED (test_less_than_empty.xtnd)
Compiler: FAILED (test_less_than_empty.xtnd)
Interpreter: PASSED (test_less_than_or_equal.xtnd)
Compiler: FAILED (test_less_than_or_equal.xtnd)
Interpreter: PASSED (test_less_than_or_equal_empty.xtnd)
Compiler: FAILED (test_less_than_or_equal_empty.xtnd)
Interpreter: PASSED (test_logical_and.xtnd)
Compiler: FAILED (test_logical_and.xtnd)
Interpreter: PASSED (test_logical_and_empty.xtnd)
Compiler: FAILED (test_logical_and_empty.xtnd)
Interpreter: PASSED (test_logical_not.xtnd)
Compiler: FAILED (test_logical_not.xtnd)
Interpreter: PASSED (test_logical_not_empty.xtnd)
Compiler: FAILED (test_logical_not_empty.xtnd)
Interpreter: PASSED (test_logical_or.xtnd)
Compiler: FAILED (test_logical_or.xtnd)
Interpreter: PASSED (test_logical_or_empty.xtnd)
Compiler: FAILED (test_logical_or_empty.xtnd)
Interpreter: PASSED (test_modulo.xtnd)
Compiler: FAILED (test_modulo.xtnd)
Interpreter: PASSED (test_modulo_empty.xtnd)
Compiler: FAILED (test_modulo_empty.xtnd)
Interpreter: PASSED (test_multiple_imports.xtnd)
Compiler: FAILED (test_multiple_imports.xtnd)
Interpreter: PASSED (test_multiplication.xtnd)
Compiler: FAILED (test_multiplication.xtnd)
Interpreter: PASSED (test_multiplication_empty.xtnd)
Compiler: FAILED (test_multiplication_empty.xtnd)
Interpreter: PASSED (test_power.xtnd)
Compiler: FAILED (test_power.xtnd)
Interpreter: PASSED (test_power_empty.xtnd)
Compiler: FAILED (test_power_empty.xtnd)
Interpreter: PASSED (test_print_empty.xtnd)
Compiler: FAILED (test_print_empty.xtnd)
Interpreter: PASSED (test_print_multi_range.xtnd)
Compiler: FAILED (test_print_multi_range.xtnd)
Interpreter: PASSED (test_print_multi_str_range.xtnd)
Compiler: FAILED (test_print_multi_str_range.xtnd)
Interpreter: PASSED (test_print_nums.xtnd)
Compiler: FAILED (test_print_nums.xtnd)
Interpreter: PASSED (test_print_oned_range.xtnd)
Compiler: FAILED (test_print_oned_range.xtnd)
Interpreter: PASSED (test_print_str.xtnd)
Compiler: FAILED (test_print_str.xtnd)
Interpreter: PASSED (test_ref_between_globals.xtnd)
Compiler: FAILED (test_ref_between_globals.xtnd)
Interpreter: PASSED (test_short_circuiting_and.xtnd)
Compiler: FAILED (test_short_circuiting_and.xtnd)
Interpreter: PASSED (test_short_circuiting_and2.xtnd)
Compiler: FAILED (test_short_circuiting_and2.xtnd)
Interpreter: PASSED (test_short_circuiting_or.xtnd)
Compiler: FAILED (test_short_circuiting_or.xtnd)
Interpreter: PASSED (test_short_circuiting_or2.xtnd)
Compiler: FAILED (test_short_circuiting_or2.xtnd)
Interpreter: PASSED (test_signature_vars.xtnd)
Compiler: FAILED (test_signature_vars.xtnd)
Interpreter: PASSED (test_single_import.xtnd)
Compiler: FAILED (test_single_import.xtnd)
Interpreter: PASSED (test_subtraction.xtnd)
Compiler: FAILED (test_subtraction.xtnd)
Interpreter: PASSED (test_subtraction_empty.xtnd)
Compiler: FAILED (test_subtraction_empty.xtnd)
Interpreter: PASSED (test_switch_v1.xtnd)
Compiler: FAILED (test_switch_v1.xtnd)
Interpreter: PASSED (test_switch_v2.xtnd)
Compiler: FAILED (test_switch_v2.xtnd)
Interpreter: PASSED (test_switch_v3.xtnd)
Compiler: FAILED (test_switch_v3.xtnd)
Interpreter: PASSED (test_switch_v4.xtnd)
Compiler: FAILED (test_switch_v4.xtnd)
Interpreter: PASSED (test_switch_v5.xtnd)
Compiler: FAILED (test_switch_v5.xtnd)
Interpreter: PASSED (test_switch_v6.xtnd)
Compiler: FAILED (test_switch_v6.xtnd)
Interpreter: PASSED (test_switch_v7.xtnd)
Compiler: FAILED (test_switch_v7.xtnd)
Interpreter: PASSED (test_switch_v8.xtnd)
Compiler: FAILED (test_switch_v8.xtnd)
Interpreter: PASSED (test_ternary_conditional.xtnd)
Compiler: FAILED (test_ternary_conditional.xtnd)
Interpreter: PASSED (test_ternary_conditional_empty.xtnd)
Compiler: FAILED (test_ternary_conditional_empty.xtnd)
Interpreter: PASSED (test_unary_negation.xtnd)
Compiler: FAILED (test_unary_negation.xtnd)
Interpreter: PASSED (test_unary_negation_empty.xtnd)
Compiler: FAILED (test_unary_negation_empty.xtnd)
Passed 92 of 115 interpreter testcases
Passed 6 of 115 compiler testcases
0 new testcases passed, 18 regression tests failed
